0 info it worked if it ends with ok
1 verbose cli [ '/home/bo/soft/node-v5.0.0-linux-x64/bin/node',
1 verbose cli   '/home/bo/soft/node/bin/npm',
1 verbose cli   'start' ]
2 info using npm@3.3.6
3 info using node@v5.0.0
4 verbose run-script [ 'prestart', 'start', 'poststart' ]
5 info lifecycle practice-unittest@1.0.0~prestart: practice-unittest@1.0.0
6 silly lifecycle practice-unittest@1.0.0~prestart: no script for prestart, continuing
7 info lifecycle practice-unittest@1.0.0~start: practice-unittest@1.0.0
8 verbose lifecycle practice-unittest@1.0.0~start: unsafe-perm in lifecycle true
9 verbose lifecycle practice-unittest@1.0.0~start: PATH: /home/bo/soft/node-v5.0.0-linux-x64/lib/node_modules/npm/bin/node-gyp-bin:/home/bo/training/practice-unittest/node_modules/.bin:/home/bo/soft/node/bin:/home/bo/soft/php/bin:/home/bo/bin:/usr/local/sbin:/usr/local/bin:/usr/sbin:/usr/bin:/sbin:/bin:/usr/games:/usr/local/games
10 verbose lifecycle practice-unittest@1.0.0~start: CWD: /home/bo/training/practice-unittest
11 silly lifecycle practice-unittest@1.0.0~start: Args: [ '-c', 'node app.js' ]
12 silly lifecycle practice-unittest@1.0.0~start: Returned: code: 1  signal: null
13 info lifecycle practice-unittest@1.0.0~start: Failed to exec start script
14 verbose stack Error: practice-unittest@1.0.0 start: `node app.js`
14 verbose stack Exit status 1
14 verbose stack     at EventEmitter.<anonymous> (/home/bo/soft/node-v5.0.0-linux-x64/lib/node_modules/npm/lib/utils/lifecycle.js:233:16)
14 verbose stack     at emitTwo (events.js:87:13)
14 verbose stack     at EventEmitter.emit (events.js:172:7)
14 verbose stack     at ChildProcess.<anonymous> (/home/bo/soft/node-v5.0.0-linux-x64/lib/node_modules/npm/lib/utils/spawn.js:24:14)
14 verbose stack     at emitTwo (events.js:87:13)
14 verbose stack     at ChildProcess.emit (events.js:172:7)
14 verbose stack     at maybeClose (internal/child_process.js:818:16)
14 verbose stack     at Process.ChildProcess._handle.onexit (internal/child_process.js:211:5)
15 verbose pkgid practice-unittest@1.0.0
16 verbose cwd /home/bo/training/practice-unittest
17 error Linux 3.19.0-25-generic
18 error argv "/home/bo/soft/node-v5.0.0-linux-x64/bin/node" "/home/bo/soft/node/bin/npm" "start"
19 error node v5.0.0
20 error npm  v3.3.6
21 error code ELIFECYCLE
22 error practice-unittest@1.0.0 start: `node app.js`
22 error Exit status 1
23 error Failed at the practice-unittest@1.0.0 start script 'node app.js'.
23 error This is most likely a problem with the practice-unittest package,
23 error not with npm itself.
23 error Tell the author that this fails on your system:
23 error     node app.js
23 error You can get their info via:
23 error     npm owner ls practice-unittest
23 error There is likely additional logging output above.
24 verbose exit [ 1, true ]
